  Zombie Arena.cpp
D:\VS Projects\Zombie-Arena\Zombie Arena\Zombie Arena.cpp(19,44): warning C4244: '=': conversion from 'unsigned int' to 'T', possible loss of data
          with
          [
              T=float
          ]
D:\VS Projects\Zombie-Arena\Zombie Arena\Zombie Arena.cpp(21,44): warning C4244: '=': conversion from 'unsigned int' to 'T', possible loss of data
          with
          [
              T=float
          ]
D:\VS Projects\Zombie-Arena\Zombie Arena\Zombie Arena.cpp(23,56): warning C4244: 'argument': conversion from 'T' to 'unsigned int', possible loss of data
          with
          [
              T=float
          ]
D:\VS Projects\Zombie-Arena\Zombie Arena\Zombie Arena.cpp(23,42): warning C4244: 'argument': conversion from 'T' to 'unsigned int', possible loss of data
          with
          [
              T=float
          ]
  Zombie Arena.vcxproj -> D:\VS Projects\Zombie-Arena\Zombie Arena\Debug\Zombie Arena.exe
